0:100  0:100  MemLog inited, TSC freq: 2592359880
0:100  0:000  CPU was calibrated with RTC
0:100  0:000  
0:100  0:000  Now is 7.11.2015,  13:29:9 (GMT)
0:100  0:000  Starting Clover revision: 4512 on American Megatrends EFI
0:100  0:000  Build with: [Args: -mc --no-usb -D NO_GRUB_DRIVERS_EMBEDDED -t XCODE8 | -D DISABLE_USB_SUPPORT -D NO_GRUB_DRIVERS_EMBEDDED --conf=/Users/sky/src/edk2/Conf -D USE_BIOS_BLOCKIO -D USE_LOW_EBDA -a X64 -b RELEASE -t XCODE8 -n 5 | OS: 10.13.6 | XCODE: 9.3]
0:100  0:000  SelfDevicePath=PciRoot(0x0)\Pci(0x14,0x0)\USB(0x15,0x0)\HD(1,GPT,C77625FF-EFED-4E0A-8275-2EBE1424F69E,0x28,0x64000) @83F86A18
0:100  0:000  SelfDirPath = \EFI\BOOT
0:100  0:000  === [ Get Smbios ] ========================================
0:100  0:000  Type 16 Index = 0
0:100  0:000  Total Memory Slots Count = 4
0:100  0:000  Type 17 Index = 0
0:100  0:000  SmbiosTable.Type17->Speed = 2133MHz
0:100  0:000  SmbiosTable.Type17->Size = 8192MB
0:100  0:000  SmbiosTable.Type17->Bank/Device = BANK 0 ChannelA-DIMM0
0:100  0:000  SmbiosTable.Type17->Vendor = Micron
0:100  0:000  SmbiosTable.Type17->SerialNumber = 00000000
0:100  0:000  SmbiosTable.Type17->PartNumber = 8ATF1G64HZ-2G3B1    
0:100  0:000  Type 17 Index = 1
0:100  0:000  Ignoring insane frequency value 0MHz
0:100  0:000  SmbiosTable.Type17->Speed = 0MHz
0:100  0:000  SmbiosTable.Type17->Size = 0MB
0:100  0:000  SmbiosTable.Type17->Bank/Device = BANK 1 ChannelA-DIMM1
0:100  0:000  SmbiosTable.Type17->Vendor = <null string>
0:100  0:000  SmbiosTable.Type17->SerialNumber = <null string>
0:100  0:000  SmbiosTable.Type17->PartNumber = <null string>
0:100  0:000  Type 17 Index = 2
0:100  0:000  SmbiosTable.Type17->Speed = 2133MHz
0:100  0:000  SmbiosTable.Type17->Size = 8192MB
0:100  0:000  SmbiosTable.Type17->Bank/Device = BANK 2 ChannelB-DIMM0
0:100  0:000  SmbiosTable.Type17->Vendor = Samsung
0:100  0:000  SmbiosTable.Type17->SerialNumber = 53122417
0:100  0:000  SmbiosTable.Type17->PartNumber = M471A1K43BB1-CRC    
0:100  0:000  Type 17 Index = 3
0:100  0:000  Ignoring insane frequency value 0MHz
0:100  0:000  SmbiosTable.Type17->Speed = 0MHz
0:100  0:000  SmbiosTable.Type17->Size = 0MB
0:100  0:000  SmbiosTable.Type17->Bank/Device = BANK 3 ChannelB-DIMM1
0:100  0:000  SmbiosTable.Type17->Vendor = <null string>
0:100  0:000  SmbiosTable.Type17->SerialNumber = <null string>
0:100  0:000  SmbiosTable.Type17->PartNumber = <null string>
0:100  0:000  Boot status=0
0:100  0:000  Running on: 'GL502VML' with board 'GL502VML'
0:100  0:000  === [ GetCPUProperties ] ==================================
0:100  0:000  CPU Vendor = 756E6547 Model=506E3
0:100  0:000   The CPU supported SSE4.1
0:100  0:000  BrandString = Intel(R) Core(TM) i7-6700HQ CPU @ 2.60GHz
0:100  0:000   The CPU supported turbo
0:100  0:000  MSR 0x35               40008
0:100  0:000   TSC/CCC Information Leaf:
0:100  0:000    numerator     : 216
0:100  0:000    denominator   : 2
0:100  0:000   Calibrated ARTFrequency: 24003332
0:100  0:000  MSR 0xE2 before patch 1E008003
0:100  0:000  MSR 0xE2 is locked, PM patches will be turned on
0:100  0:000  MSR 0xCE              0008083B_F1011A00
0:100  0:000  corrected FLEX_RATIO = 0
0:100  0:000  MSR 0x1B0             00000000
0:100  0:000  FSBFrequency = 97 MHz, DMI FSBFrequency = 100 MHz, Corrected FSBFrequency = 100 MHz
0:100  0:000  MaxDiv/MinDiv: 26.0/8
0:100  0:000  Turbo: 31/32/33/35
0:100  0:000  Features: 0xBFEBFBFF
0:100  0:000  Threads: 8
0:100  0:000  Cores: 4
0:100  0:000  FSB: 100 MHz
0:100  0:000  CPU: 2500 MHz
0:100  0:000  TSC: 2500 MHz
0:100  0:000  PIS: 100 MHz
0:100  0:000  ExternalClock: 25 MHz
0:100  0:000  === [ GetDevices ] ========================================
0:100  0:000  PCI (00|00:00.00) : 8086 1910 class=060000
0:100  0:000  PCI (00|00:01.00) : 8086 1901 class=060400
0:100  0:000  PCI (00|01:00.00) : 10DE 1C20 class=030000
0:100  0:000   - GFX: Model=Asus GeForce GTX 1060 family 136 (Nvidia)
0:100  0:000  PCI (00|01:00.01) : FFFF FFFF class=FFFFFF
0:100  0:000  PCI (00|00:04.00) : 8086 1903 class=118000
0:100  0:000  PCI (00|00:14.00) : 8086 A12F class=0C0330
0:100  0:000  PCI (00|00:14.02) : 8086 A131 class=118000
0:100  0:000  PCI (00|00:15.00) : 8086 A160 class=118000
0:100  0:000  PCI (00|00:15.01) : 8086 A161 class=118000
0:100  0:000  PCI (00|00:16.00) : 8086 A13A class=078000
0:100  0:000  PCI (00|00:17.00) : 8086 A103 class=010601
0:100  0:000  PCI (00|00:1C.00) : 8086 A112 class=060400
0:100  0:000  PCI (00|02:00.00) : 8086 24F3 class=028000
0:100  0:000   - WIFI: Vendor=Intel
0:100  0:000  PCI (00|00:1C.03) : 8086 A113 class=060400
0:100  0:000  PCI (00|03:00.00) : 10EC 8168 class=020000
0:100  0:000   - LAN: 0 Vendor=Realtek
0:100  0:000  PCI (00|00:1D.00) : 8086 A118 class=060400
0:100  0:000  PCI (00|04:00.00) : 144D A804 class=010802
0:100  0:000  PCI (00|00:1F.00) : 8086 A14E class=060100
0:100  0:000  PCI (00|00:1F.02) : 8086 A121 class=058000
0:100  0:000  PCI (00|00:1F.03) : 8086 A170 class=040300
0:100  0:000  PCI (00|00:1F.04) : 8086 A123 class=0C0500
0:100  0:000  === [ GetDefaultSettings ] ================================
0:100  0:000  Clover load options size = 0 bytes
0:110  0:010  EFI\CLOVER\config.plist loaded: Success
0:115  0:004  === [ GetListOfThemes ] ===================================
0:118  0:003  - [00]: Hackintosh_ID
0:123  0:005  === [ Found config plists ] ===============================
0:123  0:000  - config.plist
0:123  0:000  - config_ASUS_B360_PRIME_UHD630.plist
0:123  0:000  - config_HD3000_1366x768.plist
0:123  0:000  - config_HD3000_1366x768_7series.plist
0:123  0:000  - config_HD3000_1600x900.plist
0:123  0:000  - config_HD3000_1600x900_7series.plist
0:123  0:000  - config_HD4000_1366x768.plist
0:123  0:000  - config_HD4000_1366x768_6series.plist
0:123  0:000  - config_HD4000_1600x900.plist
0:123  0:000  - config_HD4000_1600x900_6series.plist
0:123  0:000  - config_HD4600_4400_4200.plist
0:123  0:000  - config_HD5000_5100_5200.plist
0:123  0:000  - config_HD510.plist
0:123  0:000  - config_HD515_520_530_540.plist
0:123  0:000  - config_HD520_530_540.plist
0:123  0:000  - config_HD5300_5500_6000.plist
0:123  0:000  - config_HD550_P530.plist
0:123  0:000  - config_HD5600.plist
0:123  0:000  - config_HD615.plist
0:123  0:000  - config_HD615_620_630_640_650.plist
0:123  0:000  - config_HD615_620_630_640_650_spoof.plist
0:123  0:000  === [ GetEarlyUserSettings ] ==============================
0:123  0:000  timeout set to 5
0:123  0:000  Custom boot CUSTOM_BOOT_APPLE (0x0)
0:123  0:000  ForceKextsToLoad: 1 requested
0:123  0:000   - [0]: System\Library\Extensions\IONetworkingFamily.kext
0:123  0:000  KextsToPatch: 3 requested
0:123  0:000   - [00]: com.apple.driver.AppleIntelKBLGraphicsFramebuffer (0x591b0000, 32MB BIOS, 19MB framebuffer 9MB cursor bytes (credit RehabMan)) :: BinPatch :: data len: 8
0:123  0:000   - [01]: com.apple.driver.AppleIntelKBLGraphicsFramebuffer (0x591b0000, 0105 instead of 0306, HDMI) :: BinPatch :: data len: 36
0:123  0:000   - patch disabled at config
0:123  0:000   - [02]: com.apple.driver.usb.AppleUSBXHCI (10.13.x USB Port Limit Patch) :: MatchOS: 10.13.x :: BinPatch :: data len: 10
0:123  0:000  KernelToPatch: 3 requested
0:123  0:000   - [00]: Disable panic kext logging on 10.13 Debug kernel :: MatchOS: 10.13 :: data len: 6
0:123  0:000   - [01]: Disable panic kext logging on 10.13 Release kernel :: MatchOS: 10.13 :: data len: 6
0:123  0:000   - [02]: MSR 0xE2 _xcpm_idle instant reboot(c) Pike R. Alpha :: data len: 8
0:123  0:000  Default theme: SimpleThemeDark
0:123  0:000  ** Warning: unknown custom entry Type 'Other'
0:123  0:000  === [ LoadDrivers ] =======================================
0:123  0:000  Loading apfs.efi  status=Success
0:131  0:007   - driver needs connecting
0:131  0:000  Loading AptioInputFix.efi  status=Success
0:132  0:001  Loading AptioMemoryFix.efi  status=Success
0:132  0:000  Loading GrubEXFAT-64.efi  status=Success
0:134  0:001   - driver needs connecting
0:134  0:000  Loading HFSPlus.efi  status=Success
0:134  0:000   - driver needs connecting
0:134  0:000  Loading NvmExpressDxe-64.efi  status=Success
0:135  0:001   - driver needs connecting
0:135  0:000  4 drivers needs connecting ...
0:135  0:000  PlatformDriverOverrideProtocol not found. Installing ... Success
0:135  0:000  HFS+ driver loaded
0:135  0:000  APFS driver loaded
0:135  0:000  Searching for invalid DiskIo BY_DRIVER connects: not found, all ok
0:317  0:182  === [ InitScreen ] ========================================
0:317  0:000  SetMaxResolution: found best mode 0: 1920x1080
0:317  0:000   - already set
0:317  0:000  Console modes reported: 4, available modes:
0:317  0:000   - [01]: 80x25
0:317  0:000   - [02]: 80x50
0:317  0:000   - [03]: 100x31 (current mode)
0:317  0:000   - [04]: 240x56
0:317  0:000  SetScreenResolution: 1920x1080 - already set
0:317  0:000  reinit: self device path=PciRoot(0x0)\Pci(0x14,0x0)\USB(0x15,0x0)\HD(1,GPT,C77625FF-EFED-4E0A-8275-2EBE1424F69E,0x28,0x64000)
0:317  0:000  === [ GetMacAddress ] =====================================
0:317  0:000  MAC address of LAN #0= 38:D5:47:A3:95:68:
0:317  0:000  === [ ScanSPD ] ===========================================
0:318  0:000  SMBus device : 8086 A123 class=0C0500 status=Success
0:318  0:000  SMBus CmdReg: 0x3
0:318  0:000  Scanning SMBus [8086:A123], mmio: 0xDF432004, ioport: 0xF000, hostc: 0x11
0:318  0:000  Slots to scan [8]...
0:319  0:000  SPD[2]: Got invalid type 0 @0x52. Will set page and retry.
0:319  0:000  SPD[2]: Type 12 @0x52
0:337  0:017  Not using XMP because it is not present
0:337  0:000  DDR speed 2400MHz
0:337  0:000  Slot: 2 Type 26 8192MB 2400MHz Vendor=Samsung PartNo=M471A1K43BB1-CRC SerialNo=0305070E0F080101
0:338  0:000  === [ GetAcpiTablesList ] =================================
0:341  0:003  Get Acpi Tables List from RSDT:
0:341  0:000   - [00]: FACP  Notebook len=132
0:341  0:000   - [01]: APIC  Notebook len=188
0:341  0:000   - [02]: FPDT  Notebook len=68
0:341  0:000   - [03]: FIDT  Notebook len=156
0:341  0:000   - [04]: MCFG  Notebook len=60
0:341  0:000   - [05]: HPET  Notebook len=56
0:341  0:000   - [06]: SSDT  SataTabl len=789
0:341  0:000   - [07]: ECDT  Notebook len=193
0:341  0:000   - [08]: LPIT  SKL len=148
0:341  0:000   - [09]: SSDT  sensrhub len=584
0:341  0:000   - [10]: DBGP   len=52
0:341  0:000   - [11]: DBG2   len=84
0:341  0:000   - [12]: SSDT  DptfTabl len=15729
0:341  0:000   - [13]: SSDT  SaSsdt  len=22610
0:341  0:000   - [14]: UEFI   len=66
0:341  0:000   - [15]: SSDT  CpuSsdt len=3699
0:341  0:000   - [16]: DMAR  SKL  len=184
0:341  0:000   - [17]: BGRT  Notebook len=56
0:341  0:000   - [18]: MSDM  Notebook len=85
0:341  0:000  Calibrated TSC Frequency = 2592359880 = 2592MHz
0:341  0:000  === [ GetUserSettings ] ===================================
0:341  0:000  USB FixOwnership: yes
0:341  0:000  Dropping 2 tables:
0:341  0:000   - [00]: Drop table  signature="#MCF" (46434D23)
0:341  0:000           - set table: 46434D23,                0 to drop: no
0:341  0:000   - [01]: Drop table  signature="DMAR" (52414D44)
0:341  0:000           - set table: 52414D44,                0 to drop: yes
0:341  0:000   - final DSDT Fix mask=00000000
0:341  0:000  PatchesDSDT: 12 requested
0:341  0:000   - [00]: (change OSID to XSID (to avoid match against _OSI XOSI patch)) lenToFind: 4, lenToReplace: 4, Target Bridge: <null string>
0:341  0:000    patch disabled at config
0:341  0:000   - [01]: (change _OSI to XOSI) lenToFind: 4, lenToReplace: 4, Target Bridge: <null string>
0:341  0:000    patch disabled at config
0:341  0:000   - [02]: (change _DSM to XDSM) lenToFind: 4, lenToReplace: 4, Target Bridge: <null string>
0:341  0:000    patch disabled at config
0:341  0:000   - [03]: (change EC0 to EC) lenToFind: 4, lenToReplace: 4, Target Bridge: <null string>
0:341  0:000    patch disabled at config
0:341  0:000   - [04]: (change H_EC to EC) lenToFind: 4, lenToReplace: 4, Target Bridge: <null string>
0:341  0:000    patch disabled at config
0:341  0:000   - [05]: (change ECDV to EC) lenToFind: 4, lenToReplace: 4, Target Bridge: <null string>
0:341  0:000    patch disabled at config
0:341  0:000   - [06]: (change HDAS to HDEF) lenToFind: 4, lenToReplace: 4, Target Bridge: <null string>
0:341  0:000   - [07]: (change HECI to IMEI) lenToFind: 4, lenToReplace: 4, Target Bridge: <null string>
0:341  0:000   - [08]: (change MEI to IMEI) lenToFind: 4, lenToReplace: 4, Target Bridge: <null string>
0:341  0:000   - [09]: (change GFX0 to IGPU) lenToFind: 4, lenToReplace: 4, Target Bridge: <null string>
0:341  0:000   - [10]: (change PCI0.VID to IGPU #1 (Thinkpad)) lenToFind: 8, lenToReplace: 8, Target Bridge: <null string>
0:341  0:000   - [11]: (change PCI0.VID to IGPU #2 (Thinkpad)) lenToFind: 14, lenToReplace: 14, Target Bridge: <null string>
0:341  0:000  PluginType: 1
0:341  0:000  Using ProductName from config: MacBookAir6,2
0:341  0:000  BiosVersion: not set, Using BiosVersion from clover
0:341  0:000  BiosVersion: MBA61.88Z.0105.B00.1802021222
0:341  0:000  BiosReleaseDate: 02/02/2018
0:341  0:000  Using FirmwareFeatures from clover: 0xE00FE137
0:341  0:000  Using FirmwareFeaturesMask from clover: 0xFF1FFF3F
0:341  0:000  PlatformFeature will not set in SMBIOS
1:687  1:345  === [ ScanVolumes ] =======================================
1:687  0:000  Found 11 volumes with blockIO
1:687  0:000  - [00]: Volume: PciRoot(0x0)\Pci(0x14,0x0)\USB(0x15,0x0)
1:688  0:000          USB volume
1:688  0:000  - [01]: Volume: PciRoot(0x0)\Pci(0x14,0x0)\USB(0x15,0x0)\HD(1,GPT,C77625FF-EFED-4E0A-8275-2EBE1424F69E,0x28,0x64000)
1:689  0:000          Result of bootcode detection: bootable unknown (legacy)
1:689  0:000          USB volume
1:691  0:002          This is SelfVolume !!
1:691  0:000  - [02]: Volume: PciRoot(0x0)\Pci(0x14,0x0)\USB(0x15,0x0)\HD(2,GPT,B03E5B0C-FC95-479D-B4A2-D1D7F537FBAF,0x64028,0xA89038)
1:692  0:000          USB volume
1:692  0:000  - [03]: Volume: PciRoot(0x0)\Pci(0x17,0x0)\Sata(0x3,0xFFFF,0x0)
1:693  0:001  - [04]: Volume: PciRoot(0x0)\Pci(0x17,0x0)\Sata(0x3,0xFFFF,0x0)\HD(1,GPT,EB4A2FD2-CF0C-4711-B4AC-002E0BA7C2DD,0x800,0x96000)
1:695  0:001          Result of bootcode detection: bootable Windows (win)
1:695  0:000  - [05]: Volume: PciRoot(0x0)\Pci(0x17,0x0)\Sata(0x3,0xFFFF,0x0)\HD(2,GPT,3A6E37CC-0412-41EA-9860-58B3B28963D5,0x96800,0x745C0800)
1:696  0:001  - [06]: Volume: PciRoot(0x0)\Pci(0x1D,0x0)\Pci(0x0,0x0)\NVMe(0x1,64-A9-B5-71-B9-38-25-00)
1:697  0:001          Result of bootcode detection: bootable unknown (legacy)
1:697  0:000  - [07]: Volume: PciRoot(0x0)\Pci(0x1D,0x0)\Pci(0x0,0x0)\NVMe(0x1,64-A9-B5-71-B9-38-25-00)\HD(1,GPT,9C997F79-C3F2-484B-8908-6C5A1568FB02,0x1000,0x31000)
1:698  0:001          Result of bootcode detection: bootable Windows (vista,win)
1:705  0:007  - [08]: Volume: PciRoot(0x0)\Pci(0x1D,0x0)\Pci(0x0,0x0)\NVMe(0x1,64-A9-B5-71-B9-38-25-00)\HD(2,GPT,C41CC444-63DB-41DE-8E4C-3D42E42180CD,0x32000,0x40000)
1:707  0:001          Result of bootcode detection: bootable Windows (vista,win)
1:707  0:000  - [09]: Volume: PciRoot(0x0)\Pci(0x1D,0x0)\Pci(0x0,0x0)\NVMe(0x1,64-A9-B5-71-B9-38-25-00)\HD(3,GPT,72E2C51B-D05E-424B-B1FA-4B22DAD1B409,0x73000,0x1DB5D126)
1:708  0:001          Result of bootcode detection: bootable Windows (vista,win)
1:708  0:000  - [10]: Volume: PciRoot(0x0)\Pci(0x1D,0x0)\Pci(0x0,0x0)\NVMe(0x1,64-A9-B5-71-B9-38-25-00)\HD(4,GPT,8F89DBEC-D80D-40CE-B148-082386AB8117,0x1DBD0800,0x122800)
1:709  0:001          Result of bootcode detection: bootable Windows (vista,win)
1:709  0:000  === [ InitTheme ] =========================================
1:709  0:000  GlobalConfig: theme.plist not found, get random theme Hackintosh_ID
1:724  0:015  Using theme 'Hackintosh_ID' (EFI\CLOVER\themes\Hackintosh_ID)
1:724  0:000  OS main and drive as badge
1:725  0:001  Loading font from ThemeDir: Success
1:726  0:000  Choosing theme Hackintosh_ID
1:726  0:000  after NVRAM boot-args=-v darkwake=8 debug=0x100 -alcoff
1:726  0:000  === [ Dump SMC keys from NVRAM ] ==========================
1:726  0:000  no AppleSMC protocol
1:736  0:010  === [ AddCustomEntries ] ==================================
1:736  0:000  Custom entry 0 skipped because it is disabled.
1:736  0:000  === [ ScanLoader ] ========================================
1:736  0:000  - [01]: 'EFI'
1:782  0:045          AddLoaderEntry for Volume Name=EFI
1:782  0:000          skipped because entry is hidden
1:782  0:000  - [02]: 'Install macOS High Sierra'
1:783  0:001          AddLoaderEntry for Volume Name=Install macOS High Sierra
1:783  0:000      Not match custom entry 0: Type: not match
1:814  0:031  - [04]: 'EFI'
1:839  0:024  - [05]: 'macos'
1:840  0:001          AddLoaderEntry for Volume Name=macos
1:840  0:000      Not match custom entry 0: Type: not match
1:964  0:123  - [07]: 'EFI'
1:981  0:017          AddLoaderEntry for Volume Name=EFI
1:981  0:000      Not match custom entry 0: Type: not match
2:039  0:057          AddLoaderEntry for Volume Name=EFI
2:039  0:000          skipped because entry is hidden
2:039  0:000  Scanning legacy ...
2:039  0:000   4: 'EFI' (win) add legacy
2:042  0:003   added 'Boot Windows from EFI' OSType=2 Icon=win
2:042  0:000   7: 'EFI' (vista,win) add legacy
2:044  0:001   added 'Boot Windows from EFI' OSType=2 Icon=vista,win
2:044  0:000   8: 'Legacy HD2' (vista,win) add legacy
2:045  0:001   added 'Boot Windows from Legacy HD2' OSType=2 Icon=vista,win
2:045  0:000   9: 'Legacy HD3' (vista,win) add legacy
2:047  0:001   added 'Boot Windows from Legacy HD3' OSType=2 Icon=vista,win
2:047  0:000  10: 'Legacy HD4' (vista,win) add legacy
2:048  0:001   added 'Boot Windows from Legacy HD4' OSType=2 Icon=vista,win
2:048  0:000  === [ AddCustomTool ] =====================================
2:048  0:000  found tool \EFI\CLOVER\tools\Shell64U.efi
2:048  0:000  Checking EFI partition Volume 1 for Clover
2:048  0:000   Found Clover
2:049  0:000  === [ GetEfiBootDeviceFromNvram ] =========================
2:049  0:000   - efi-boot-device-data: PciRoot(0x0)\Pci(0x1D,0x0)\Pci(0x0,0x0)\SasEx(0x01000000002538B9,0x71B5A9647074616C,0x0,NoTopology,0,0,0)\HD(1,GPT,9C997F79-C3F2-484B-8908-6C5A1568FB02,0x1000,0x31000)\EFI\APPLE\UPDATERS\MULTIUPDATER\MultiUpdater.efii
2:049  0:000    - Volume: 'PciRoot(0x0)\Pci(0x1D,0x0)\Pci(0x0,0x0)\SasEx(0x01000000002538B9,0x71B5A9647074616C,0x0,NoTopology,0,0,0)\HD(1,GPT,9C997F79-C3F2-484B-8908-6C5A1568FB02,0x1000,0x31000)'
2:049  0:000    - LoaderPath: '\EFI\APPLE\UPDATERS\MULTIUPDATER\MultiUpdater.efi'
2:049  0:000    - Guid = 9C997F79-C3F2-484B-8908-6C5A1568FB02
2:049  0:000  === [ FindStartupDiskVolume ] =============================
2:049  0:000    - Volume: partition = PciRoot(0x0)\Pci(0x1D,0x0)\Pci(0x0,0x0)\SasEx(0x01000000002538B9,0x71B5A9647074616C,0x0,NoTopology,0,0,0)\HD(1,GPT,9C997F79-C3F2-484B-8908-6C5A1568FB02,0x1000,0x31000)
2:049  0:000     - searching for that partition and loader '\EFI\APPLE\UPDATERS\MULTIUPDATER\MultiUpdater.efi'
2:049  0:000      - [!] not found
2:049  0:000     - searching again, but comparing Media dev path nodes
2:049  0:000      - [!] not found
2:049  0:000     - searching for that partition
2:049  0:000      - [!] not found
2:049  0:000     - searching again, but comparing Media dev path nodes
2:049  0:000      - found entry 2. 'Boot Microsoft EFI Boot from EFI', Volume 'EFI'
2:049  0:000  Boot redirected to Entry 2. 'Boot Microsoft EFI Boot from EFI'
2:049  0:000  DefaultIndex=2 and MainMenu.EntryCount=14
2:203  0:153  GUI ready
35:931  33:727  BootVariable of the entry is empty
35:931  0:000  === [ StartLoader ] =======================================
35:931  0:000  Finally: ExternalClock=24MHz BusSpeed=99706kHz CPUFreq=2592MHz PIS: hw.busfrequency=96000000Hz
35:931  0:000  Loading boot.efi  status=Success
36:019  0:088  GetOSVersion: 10.13.5 (17F77)
36:019  0:000  CSR_CFG: CSR_ALLOW_UNTRUSTED_KEXTS | CSR_ALLOW_UNRESTRICTED_FS | CSR_ALLOW_TASK_FOR_PID | CSR_ALLOW_UNRESTRICTED_DTRACE | CSR_ALLOW_UNRESTRICTED_NVRAM
36:019  0:000  Filtering KextPatches:
36:019  0:000   - [00]: com.apple.driver.AppleIntelKBLGraphicsFramebuffer (0x591b0000, 32MB BIOS, 19MB framebuffer 9MB cursor bytes (credit RehabMan)) :: BinPatch :: [OS: 10.13.5 | MatchOS: All | MatchBuild: All] ==> allowed
36:019  0:000   - [01]: com.apple.driver.AppleIntelKBLGraphicsFramebuffer (0x591b0000, 0105 instead of 0306, HDMI) :: BinPatch :: [OS: 10.13.5 | MatchOS: All | MatchBuild: All] ==> disabled by user
36:019  0:000   - [02]: com.apple.driver.usb.AppleUSBXHCI (10.13.x USB Port Limit Patch) :: BinPatch :: [OS: 10.13.5 | MatchOS: 10.13.x | MatchBuild: All] ==> allowed
36:019  0:000  Filtering KernelPatches:
36:019  0:000   - [00]: Disable panic kext logging on 10.13 Debug kernel :: [OS: 10.13.5 | MatchOS: 10.13 | MatchBuild: no] ==> allowed by OS
36:019  0:000   - [01]: Disable panic kext logging on 10.13 Release kernel :: [OS: 10.13.5 | MatchOS: 10.13 | MatchBuild: no] ==> allowed by OS
36:019  0:000   - [02]: MSR 0xE2 _xcpm_idle instant reboot(c) Pike R. Alpha :: [OS: 10.13.5 | MatchOS: All | MatchBuild: no] ==> allowed by OS
36:019  0:000  Will not patch boot.efi
36:019  0:000  === [ PatchSmbios ] =======================================
36:019  0:000  insert table 9 for dev 0:0
36:019  0:000  insert table 9 for dev 0:0
36:019  0:000  insert table 9 for dev 0:0
36:020  0:000  Trusting SMBIOS...
36:020  0:000  Channels: 1
36:020  0:000  Interleave: 0 1 2 3 4 5 6 7 8 9 10 11 12 13 14 15 16 17 18 19 20 21 22 23
36:020  0:000   partNum=8ATF1G64HZ-2G3B1    
36:020  0:000  SMBIOS Type 17 Index = 0 => 0 0:
36:020  0:000  BANK 0 DIMM0 2133MHz 8192MB
36:020  0:000  SMBIOS Type 17 Index = 1 => 1 1:
36:020  0:000  BANK 0 DIMM1 EMPTY
36:020  0:000   partNum=M471A1K43BB1-CRC    
36:020  0:000  SMBIOS Type 17 Index = 2 => 2 2:
36:020  0:000  BANK 0 DIMM2 2400MHz 8192MB
36:020  0:000  mTotalSystemMemory = 16384
36:020  0:000  NumberOfMemoryDevices = 3
36:020  0:000  Type20[0]->End = 0x7FFFFF, Type17[0] = 0x2000
36:020  0:000  Type20[1]->End = 0xFFFFFF, Type17[2] = 0x6000
36:020  0:000  Table 131 is present, CPUType=31
36:020  0:000  Change to: 705
36:020  0:000  === [ PatchACPI ] =========================================
36:020  0:000  Xsdt reallocation done
36:020  0:000  old FADT length=10C
36:020  0:000   SignatureFixup: 0x6EEAF087 -> 0x0
36:020  0:000  Apply DsdtFixMask=0x00000000
36:020  0:000     drop _DSM mask=0xFFFF
36:020  0:000  === [ FixBiosDsdt ] =======================================
36:020  0:000  VideoCard devID=0x1C2010DE
36:020  0:000  DisplayADR1[0] = 0x10000, DisplayADR2[0] = 0x0
36:020  0:000  USBADR[0] = 0x140000 and PCIe = 0xFFFE
36:021  0:000  Patching DSDT:
36:021  0:000   - [change OSID to XSID (to avoid match against _OSI XOSI patch)]: disabled
36:021  0:000   - [change _OSI to XOSI]: disabled
36:021  0:000   - [change _DSM to XDSM]: disabled
36:021  0:000   - [change EC0 to EC]: disabled
36:021  0:000   - [change H_EC to EC]: disabled
36:021  0:000   - [change ECDV to EC]: disabled
36:021  0:000   - [change HDAS to HDEF]: pattern 48444153, patched at: [ (8B07) (18AD) (86) (D) (A1) (6A) ]
36:021  0:000   - [change HECI to IMEI]: pattern 48454349, patched at: [ (DE30) ]
36:021  0:000   - [change MEI to IMEI]: pattern 4D45495F, bin not found / already patched!
36:021  0:000   - [change GFX0 to IGPU]: pattern 47465830, patched at: [ (2C12) (CD55) (1322) (14) (7632) (1666) (3F72) (14) (1F) (14) (1E) (13) (21) (14) (2A6F) (13E) (2A96) (11) (11) (16) (1D) (39) (13) (13) (1695) (11) (17) (15) (C3) (11) (17) (15) (8C4) (32) (21) (23) (22) (EA2) (17) (B1D) (392) (223) (1C1) (A1) (727) (6EB) (14) (43) ]
36:021  0:000   - [change PCI0.VID to IGPU #1 (Thinkpad)]: pattern 50434930, bin not found / already patched!
36:022  0:000   - [change PCI0.VID to IGPU #2 (Thinkpad)]: pattern 5649445F, bin not found / already patched!
36:022  0:000    0 replacements
36:022  0:000  first CPU found at 7501 offset 7504
36:022  0:000  score candidate at 74FD
36:022  0:000  score inserted in acpi_cpu_score _PR_
36:022  0:000  Found ACPI CPU: CPU0 | CPU1 | CPU2 | CPU3 | CPU4 | CPU5 | CPU6 | CPU7 , within the score: _PR_
36:023  0:000  PreCleanup XSDT: count=19, length=188
36:023  0:000  PreCleanup XSDT, corrected XSDT: count=19, length=188
36:023  0:000  === [ ACPIDropTables ] ====================================
36:023  0:000  Drop tables from XSDT, SIGN=DMAR TableID=SKL  Length=184
36:023  0:000   Table[16]: DMAR  SKL   184 dropped
36:023  0:000  0. [change OSID to XSID (to avoid match against _OSI XOSI patch)]: disabled
36:023  0:000  1. [change _OSI to XOSI]: disabled
36:023  0:000  2. [change _DSM to XDSM]: disabled
36:023  0:000  3. [change EC0 to EC]: disabled
36:023  0:000  4. [change H_EC to EC]: disabled
36:023  0:000  5. [change ECDV to EC]: disabled
36:023  0:000  6. [change HDAS to HDEF]: pattern 48444153, bin not found / already patched!
36:023  0:000  7. [change HECI to IMEI]: pattern 48454349, bin not found / already patched!
36:023  0:000  8. [change MEI to IMEI]: pattern 4D45495F, bin not found / already patched!
36:023  0:000  9. [change GFX0 to IGPU]: pattern 47465830, bin not found / already patched!
36:023  0:000  10. [change PCI0.VID to IGPU #1 (Thinkpad)]: pattern 50434930, bin not found / already patched!
36:023  0:000  11. [change PCI0.VID to IGPU #2 (Thinkpad)]: pattern 5649445F, bin not found / already patched!
36:023  0:000    0 replacements
36:023  0:000  0. [change OSID to XSID (to avoid match against _OSI XOSI patch)]: disabled
36:023  0:000  1. [change _OSI to XOSI]: disabled
36:023  0:000  2. [change _DSM to XDSM]: disabled
36:023  0:000  3. [change EC0 to EC]: disabled
36:023  0:000  4. [change H_EC to EC]: disabled
36:023  0:000  5. [change ECDV to EC]: disabled
36:023  0:000  6. [change HDAS to HDEF]: pattern 48444153, bin not found / already patched!
36:023  0:000  7. [change HECI to IMEI]: pattern 48454349, bin not found / already patched!
36:023  0:000  8. [change MEI to IMEI]: pattern 4D45495F, bin not found / already patched!
36:023  0:000  9. [change GFX0 to IGPU]: pattern 47465830, bin not found / already patched!
36:023  0:000  10. [change PCI0.VID to IGPU #1 (Thinkpad)]: pattern 50434930, bin not found / already patched!
36:023  0:000  11. [change PCI0.VID to IGPU #2 (Thinkpad)]: pattern 5649445F, bin not found / already patched!
36:023  0:000    0 replacements
36:023  0:000  0. [change OSID to XSID (to avoid match against _OSI XOSI patch)]: disabled
36:023  0:000  1. [change _OSI to XOSI]: disabled
36:023  0:000  2. [change _DSM to XDSM]: disabled
36:023  0:000  3. [change EC0 to EC]: disabled
36:023  0:000  4. [change H_EC to EC]: disabled
36:023  0:000  5. [change ECDV to EC]: disabled
36:023  0:000  6. [change HDAS to HDEF]: pattern 48444153, bin not found / already patched!
36:023  0:000  7. [change HECI to IMEI]: pattern 48454349, bin not found / already patched!
36:023  0:000  8. [change MEI to IMEI]: pattern 4D45495F, bin not found / already patched!
36:023  0:000  9. [change GFX0 to IGPU]: pattern 47465830, patched at: [ (2D4E) (15) (25) (14) (1F) (15) (22) (15) ]
36:023  0:000  10. [change PCI0.VID to IGPU #1 (Thinkpad)]: pattern 50434930, bin not found / already patched!
36:023  0:000  11. [change PCI0.VID to IGPU #2 (Thinkpad)]: pattern 5649445F, bin not found / already patched!
36:023  0:000    0 replacements
36:023  0:000  0. [change OSID to XSID (to avoid match against _OSI XOSI patch)]: disabled
36:023  0:000  1. [change _OSI to XOSI]: disabled
36:023  0:000  2. [change _DSM to XDSM]: disabled
36:023  0:000  3. [change EC0 to EC]: disabled
36:023  0:000  4. [change H_EC to EC]: disabled
36:023  0:000  5. [change ECDV to EC]: disabled
36:023  0:000  6. [change HDAS to HDEF]: pattern 48444153, bin not found / already patched!
36:023  0:000  7. [change HECI to IMEI]: pattern 48454349, bin not found / already patched!
36:023  0:000  8. [change MEI to IMEI]: pattern 4D45495F, bin not found / already patched!
36:023  0:000  9. [change GFX0 to IGPU]: pattern 47465830, patched at: [ (5BE) (24) (49) (26) (AA) (27DF) (1D) (27B) (E9A) ]
36:023  0:000  10. [change PCI0.VID to IGPU #1 (Thinkpad)]: pattern 50434930, bin not found / already patched!
36:023  0:000  11. [change PCI0.VID to IGPU #2 (Thinkpad)]: pattern 5649445F, bin not found / already patched!
36:023  0:000    0 replacements
36:023  0:000  Found OperationRegion(SANV, SystemMemory, 87085D98, ...)
36:023  0:000  0. [change OSID to XSID (to avoid match against _OSI XOSI patch)]: disabled
36:023  0:000  1. [change _OSI to XOSI]: disabled
36:023  0:000  2. [change _DSM to XDSM]: disabled
36:023  0:000  3. [change EC0 to EC]: disabled
36:023  0:000  4. [change H_EC to EC]: disabled
36:023  0:000  5. [change ECDV to EC]: disabled
36:023  0:000  6. [change HDAS to HDEF]: pattern 48444153, bin not found / already patched!
36:023  0:000  7. [change HECI to IMEI]: pattern 48454349, bin not found / already patched!
36:023  0:000  8. [change MEI to IMEI]: pattern 4D45495F, bin not found / already patched!
36:023  0:000  9. [change GFX0 to IGPU]: pattern 47465830, bin not found / already patched!
36:023  0:000  10. [change PCI0.VID to IGPU #1 (Thinkpad)]: pattern 50434930, bin not found / already patched!
36:023  0:000  11. [change PCI0.VID to IGPU #2 (Thinkpad)]: pattern 5649445F, bin not found / already patched!
36:023  0:000    0 replacements
36:023  0:000  Found OperationRegion(PNVS, SystemMemory, 815C3000, ...)
36:023  0:000  === [ ACPIPatchedAML ] ====================================
36:023  0:000  Unsorted
36:023  0:000  Inserting SSDT-SkylakeSpoof.aml from EFI\CLOVER\ACPI\patched: size=1113 ... Success
36:023  0:000  Inserting SSDT-Disable-DGPU.aml from EFI\CLOVER\ACPI\patched: size=1411 ... Success
36:023  0:000  CPUBase=0 and ApicCPUBase=1 ApicCPUNum=1
36:023  0:000  Cleanup XSDT: count=21, length=204
36:023  0:000  corrected XSDT count=20, length=196
36:023  0:000  === [ RestSetup macOS ] ===================================
36:023  0:000  EdidDiscovered size=128
36:023  0:000  --- Discovered EDID Table size:128
36:023  0:000  000  |  00  FF  FF  FF  FF  FF  FF  00  06  AF
36:023  0:000  010  |  ED  38  00  00  00  00  01  19  01  04
36:023  0:000  020  |  95  22  13  78  02  51  25  93  58  57
36:023  0:000  030  |  8F  28  1F  50  54  00  00  00  01  01
36:023  0:000  040  |  01  01  01  01  01  01  01  01  01  01
36:023  0:000  050  |  01  01  01  01  78  37  80  B4  70  38
36:023  0:000  060  |  2E  40  6C  30  AA  00  58  C1  10  00
36:023  0:000  070  |  00  18  00  00  00  0F  00  00  00  00
36:023  0:000  080  |  00  00  00  00  00  00  00  00  00  20
36:023  0:000  090  |  00  00  00  FE  00  41  55  4F  0A  20
36:023  0:000  100  |  20  20  20  20  20  20  20  20  00  00
36:023  0:000  110  |  00  FE  00  42  31  35  36  48  54  4E
36:023  0:000  120  |  30  33  2E  38  20  0A  00  12
36:023  0:000  NVidia GFX injection not set
36:024  0:000   RCBA disabled; cannot use it
36:024  0:000  stringlength = 600
36:024  0:000  CurrentMode: Width=1920 Height=1080
36:024  0:000  Beginning FSInjection
36:024  0:000   - ERROR: gFSInjectProtocolGuid not found!
36:033  0:009  Use origin smbios table type 1 guid.
36:036  0:002    Force kext: System\Library\Extensions\IONetworkingFamily.kext
36:036  0:000  Failed to load extra kext (Info.plist not found): System\Library\Extensions\IONetworkingFamily.kext
36:036  0:000  Preparing kexts injection for arch=x86_64 from EFI\CLOVER\kexts\Other
36:036  0:000  Extra kext: EFI\CLOVER\kexts\Other\XHCI-300-series-injector.kext (v.0.5.0)
36:042  0:005  Extra kext: EFI\CLOVER\kexts\Other\XHCI-200-series-injector.kext (v.0.5.0)
36:047  0:005  Extra kext: EFI\CLOVER\kexts\Other\WhateverGreen.kext (v.1.1.6)
36:064  0:017  Extra kext: EFI\CLOVER\kexts\Other\VoodooPS2Controller.kext (v.1.8.28)
36:079  0:014    |-- PlugIn kext: EFI\CLOVER\kexts\Other\VoodooPS2Controller.kext\Contents\PlugIns\VoodooPS2Trackpad.kext (v.1.8.28)
36:098  0:018    |-- PlugIn kext: EFI\CLOVER\kexts\Other\VoodooPS2Controller.kext\Contents\PlugIns\VoodooPS2Mouse.kext (v.1.8.28)
36:109  0:011    |-- PlugIn kext: EFI\CLOVER\kexts\Other\VoodooPS2Controller.kext\Contents\PlugIns\VoodooPS2Keyboard.kext (v.1.8.28)
36:131  0:021  Extra kext: EFI\CLOVER\kexts\Other\USBInjectAll.kext (v.0.6.5)
36:844  0:712  Extra kext: EFI\CLOVER\kexts\Other\Shiki.kext (v.2.2.7)
36:858  0:013  Extra kext: EFI\CLOVER\kexts\Other\SATA-200-series-unsupported.kext (v.0.5.1)
36:864  0:005  Extra kext: EFI\CLOVER\kexts\Other\SATA-100-series-unsupported.kext (v.0.5.1)
36:870  0:006  Extra kext: EFI\CLOVER\kexts\Other\RealtekRTL8111.kext (v.2.2.1)
36:888  0:018  Extra kext: EFI\CLOVER\kexts\Other\NvidiaGraphicsFixup.kext (v.1.1.3)
36:903  0:014  Extra kext: EFI\CLOVER\kexts\Other\Lilu.kext (v.1.2.4)
36:920  0:016  Extra kext: EFI\CLOVER\kexts\Other\IntelMausiEthernet.kext (v.2.3.0)
36:936  0:016  Extra kext: EFI\CLOVER\kexts\Other\IntelGraphicsFixup.kext (v.1.2.7)
36:959  0:022  Extra kext: EFI\CLOVER\kexts\Other\IntelGraphicsDVMTFixup.kext (v.1.2.0)
36:973  0:014  Extra kext: EFI\CLOVER\kexts\Other\GenericUSBXHCI.kext (v.1.2.11)
36:989  0:015  Extra kext: EFI\CLOVER\kexts\Other\FakeSMC.kext (v.1787)
37:016  0:027    |-- PlugIn kext: EFI\CLOVER\kexts\Other\FakeSMC.kext\Contents\PlugIns\FakeSMC_LPCSensors.kext (v.1787)
37:326  0:309    |-- PlugIn kext: EFI\CLOVER\kexts\Other\FakeSMC.kext\Contents\PlugIns\FakeSMC_GPUSensors.kext (v.1787)
37:346  0:020    |-- PlugIn kext: EFI\CLOVER\kexts\Other\FakeSMC.kext\Contents\PlugIns\FakeSMC_CPUSensors.kext (v.1787)
37:361  0:015    |-- PlugIn kext: EFI\CLOVER\kexts\Other\FakeSMC.kext\Contents\PlugIns\FakeSMC_ACPISensors.kext (v.1787)
37:389  0:027  Extra kext: EFI\CLOVER\kexts\Other\FakePCIID_Intel_HDMI_Audio.kext (v.1.3.12)
37:414  0:024  Extra kext: EFI\CLOVER\kexts\Other\FakePCIID_Intel_HD_Graphics.kext (v.1.3.12)
37:442  0:028  Extra kext: EFI\CLOVER\kexts\Other\FakePCIID_Intel_GbX.kext (v.1.3.12)
37:452  0:009  Extra kext: EFI\CLOVER\kexts\Other\FakePCIID.kext (v.1.3.12)
37:465  0:013  Extra kext: EFI\CLOVER\kexts\Other\CoreDisplayFixup.kext (v.1.3.6)
37:482  0:017  Extra kext: EFI\CLOVER\kexts\Other\CodecCommander.kext (v.2.5.2)
37:525  0:042  Extra kext: EFI\CLOVER\kexts\Other\BrcmPatchRAM2.kext (v.2.2.7)
37:737  0:212  Extra kext: EFI\CLOVER\kexts\Other\BrcmFirmwareData.kext (v.2.2.7)
37:775  0:037  Extra kext: EFI\CLOVER\kexts\Other\AtherosE2200Ethernet.kext (v.2.2.2)
37:791  0:016  Extra kext: EFI\CLOVER\kexts\Other\AppleIntelKBLGraphicsFramebufferInjector_3e9x.kext (v.0.5.0)
37:808  0:016  Extra kext: EFI\CLOVER\kexts\Other\AppleBacklightInjector.kext (v.0.9.0)
37:817  0:009  Extra kext: EFI\CLOVER\kexts\Other\AppleALC.kext (v.1.2.7)
38:589  0:771  Extra kext: EFI\CLOVER\kexts\Other\AirportBrcmFixup.kext (v.1.1.2)
38:620  0:031  Extra kext: EFI\CLOVER\kexts\Other\ACPIBatteryManager.kext (v.1.80)
38:648  0:028  SetStartupDiskVolume:
38:648  0:000    * Volume: 'macos'
38:648  0:000    * LoaderPath: '\macOS Install Data\Locked Files\Boot Files\boot.efi'
38:648  0:000    * DevPath: macos
38:648  0:000    * GUID = 3A6E37CC-0412-41EA-9860-58B3B28963D5
38:648  0:000    * efi-boot-device: <array><dict><key>IOMatch</key><dict><key>IOProviderClass</key><string>IOMedia</string><key>IOPropertyMatch</key><dict><key>UUID</key><string>3A6E37CC-0412-41EA-9860-58B3B28963D5</string></dict></dict></dict></array>
38:648  0:000  Custom boot screen not used because entry has unset use graphics
38:650  0:002  Closing log
